Flow report for DE0_Default
Tue Nov 08 20:53:42 2011
Quartus II Version 9.1 Build 222 10/21/2009 Service Pack 0.08 SJ Full Version


---------------------
; Table of Contents ;
---------------------
  1. Legal Notice
  2. Flow Summary
  3. Flow Settings
  4. Flow Non-Default Global Settings
  5. Flow Elapsed Time
  6. Flow OS Summary
  7. Flow Log



----------------
; Legal Notice ;
----------------
Copyright (C) 1991-2009 Altera Corporation
Your use of Altera Corporation's design tools, logic functions 
and other software and tools, and its AMPP partner logic 
functions, and any output files from any of the foregoing 
(including device programming or simulation files), and any 
associated documentation or information are expressly subject 
to the terms and conditions of the Altera Program License 
Subscription Agreement, Altera MegaCore Function License 
Agreement, or other applicable license agreement, including, 
without limitation, that your use is for the sole purpose of 
programming logic devices manufactured by Altera and sold by 
Altera or its authorized distributors.  Please refer to the 
applicable agreement for further details.



+---------------------------------------------------------------------------------------+
; Flow Summary                                                                          ;
+------------------------------------+--------------------------------------------------+
; Flow Status                        ; Successful - Tue Nov 08 20:53:41 2011            ;
; Quartus II Version                 ; 9.1 Build 222 10/21/2009 SP 0.08 SJ Full Version ;
; Revision Name                      ; DE0_Default                                      ;
; Top-level Entity Name              ; Block1                                           ;
; Family                             ; Cyclone III                                      ;
; Device                             ; EP3C16F484C6                                     ;
; Timing Models                      ; Final                                            ;
; Met timing requirements            ; No                                               ;
; Total logic elements               ; 1,486 / 15,408 ( 10 % )                          ;
;     Total combinational functions  ; 1,192 / 15,408 ( 8 % )                           ;
;     Dedicated logic registers      ; 928 / 15,408 ( 6 % )                             ;
; Total registers                    ; 1021                                             ;
; Total pins                         ; 196 / 347 ( 56 % )                               ;
; Total virtual pins                 ; 0                                                ;
; Total memory bits                  ; 263,312 / 516,096 ( 51 % )                       ;
; Embedded Multiplier 9-bit elements ; 0 / 112 ( 0 % )                                  ;
; Total PLLs                         ; 3 / 4 ( 75 % )                                   ;
+------------------------------------+--------------------------------------------------+


+-----------------------------------------+
; Flow Settings                           ;
+-------------------+---------------------+
; Option            ; Setting             ;
+-------------------+---------------------+
; Start date & time ; 11/08/2011 20:46:22 ;
; Main task         ; Compilation         ;
; Revision Name     ; DE0_Default         ;
+-------------------+---------------------+


+------------------------------------------------------------------------------------------------------------------------------------------------------+
; Flow Non-Default Global Settings                                                                                                                     ;
+---------------------------------------------------+--------------------------------------+--------------------------------+-------------+------------+
; Assignment Name                                   ; Value                                ; Default Value                  ; Entity Name ; Section Id ;
+---------------------------------------------------+--------------------------------------+--------------------------------+-------------+------------+
; ADV_NETLIST_OPT_SYNTH_WYSIWYG_REMAP               ; On                                   ; Off                            ; --          ; --         ;
; AUTO_RAM_TO_LCELL_CONVERSION                      ; On                                   ; Off                            ; --          ; --         ;
; AUTO_RESOURCE_SHARING                             ; On                                   ; Off                            ; --          ; --         ;
; COMPILER_SIGNATURE_ID                             ; 119779273479113.132075638203896      ; --                             ; --          ; --         ;
; CYCLONEII_OPTIMIZATION_TECHNIQUE                  ; Speed                                ; Balanced                       ; --          ; --         ;
; ENABLE_CLOCK_LATENCY                              ; On                                   ; Off                            ; --          ; --         ;
; ENABLE_RECOVERY_REMOVAL_ANALYSIS                  ; On                                   ; Off                            ; --          ; --         ;
; FITTER_EARLY_TIMING_ESTIMATE_MODE                 ; Pessimistic                          ; Realistic                      ; --          ; --         ;
; FITTER_EFFORT                                     ; Standard Fit                         ; Auto Fit                       ; --          ; --         ;
; FLOW_ENABLE_IO_ASSIGNMENT_ANALYSIS                ; On                                   ; Off                            ; --          ; --         ;
; FMAX_REQUIREMENT                                  ; 500 MHz                              ; --                             ; --          ; --         ;
; IP_TOOL_NAME                                      ; ALTPLL                               ; --                             ; --          ; --         ;
; IP_TOOL_NAME                                      ; ROM: 1-PORT                          ; --                             ; --          ; --         ;
; IP_TOOL_NAME                                      ; ROM: 1-PORT                          ; --                             ; --          ; --         ;
; IP_TOOL_NAME                                      ; ROM: 1-PORT                          ; --                             ; --          ; --         ;
; IP_TOOL_NAME                                      ; ROM: 1-PORT                          ; --                             ; --          ; --         ;
; IP_TOOL_NAME                                      ; ALTPLL                               ; --                             ; --          ; --         ;
; IP_TOOL_NAME                                      ; LPM_MUX                              ; --                             ; --          ; --         ;
; IP_TOOL_VERSION                                   ; 9.1                                  ; --                             ; --          ; --         ;
; IP_TOOL_VERSION                                   ; 9.1                                  ; --                             ; --          ; --         ;
; IP_TOOL_VERSION                                   ; 9.1                                  ; --                             ; --          ; --         ;
; IP_TOOL_VERSION                                   ; 9.1                                  ; --                             ; --          ; --         ;
; IP_TOOL_VERSION                                   ; 9.1                                  ; --                             ; --          ; --         ;
; IP_TOOL_VERSION                                   ; 9.1                                  ; --                             ; --          ; --         ;
; IP_TOOL_VERSION                                   ; 9.1                                  ; --                             ; --          ; --         ;
; MISC_FILE                                         ; altpll_reconfig_TOP/ALTPLLS.bsf      ; --                             ; --          ; --         ;
; MISC_FILE                                         ; altpll_reconfig_TOP/ALTPLLS_inst.v   ; --                             ; --          ; --         ;
; MISC_FILE                                         ; altpll_reconfig_TOP/ALTPLLS_bb.v     ; --                             ; --          ; --         ;
; MISC_FILE                                         ; altpll_reconfig_TOP/ALTPLLS.inc      ; --                             ; --          ; --         ;
; MISC_FILE                                         ; altpll_reconfig_TOP/ALTPLLS.cmp      ; --                             ; --          ; --         ;
; MISC_FILE                                         ; altpll_reconfig_TOP/ALTPLLS.ppf      ; --                             ; --          ; --         ;
; MISC_FILE                                         ; altpll_reconfig_TOP/rom_1.bsf        ; --                             ; --          ; --         ;
; MISC_FILE                                         ; altpll_reconfig_TOP/rom_1_inst.v     ; --                             ; --          ; --         ;
; MISC_FILE                                         ; altpll_reconfig_TOP/rom_1_bb.v       ; --                             ; --          ; --         ;
; MISC_FILE                                         ; altpll_reconfig_TOP/rom_1.inc        ; --                             ; --          ; --         ;
; MISC_FILE                                         ; altpll_reconfig_TOP/rom_1.cmp        ; --                             ; --          ; --         ;
; MISC_FILE                                         ; altpll_reconfig_TOP/rom_2.bsf        ; --                             ; --          ; --         ;
; MISC_FILE                                         ; altpll_reconfig_TOP/rom_2_inst.v     ; --                             ; --          ; --         ;
; MISC_FILE                                         ; altpll_reconfig_TOP/rom_2_bb.v       ; --                             ; --          ; --         ;
; MISC_FILE                                         ; altpll_reconfig_TOP/rom_2.inc        ; --                             ; --          ; --         ;
; MISC_FILE                                         ; altpll_reconfig_TOP/rom_2.cmp        ; --                             ; --          ; --         ;
; MISC_FILE                                         ; altpll_reconfig_TOP/rom_3.bsf        ; --                             ; --          ; --         ;
; MISC_FILE                                         ; altpll_reconfig_TOP/rom_3_inst.v     ; --                             ; --          ; --         ;
; MISC_FILE                                         ; altpll_reconfig_TOP/rom_3_bb.v       ; --                             ; --          ; --         ;
; MISC_FILE                                         ; altpll_reconfig_TOP/rom_3.inc        ; --                             ; --          ; --         ;
; MISC_FILE                                         ; altpll_reconfig_TOP/rom_3.cmp        ; --                             ; --          ; --         ;
; MISC_FILE                                         ; altpll_reconfig_TOP/rom_4.bsf        ; --                             ; --          ; --         ;
; MISC_FILE                                         ; altpll_reconfig_TOP/rom_4_inst.v     ; --                             ; --          ; --         ;
; MISC_FILE                                         ; altpll_reconfig_TOP/rom_4_bb.v       ; --                             ; --          ; --         ;
; MISC_FILE                                         ; altpll_reconfig_TOP/rom_4.inc        ; --                             ; --          ; --         ;
; MISC_FILE                                         ; altpll_reconfig_TOP/rom_4.cmp        ; --                             ; --          ; --         ;
; MISC_FILE                                         ; altpll_reconfig_TOP/the_pll.bsf      ; --                             ; --          ; --         ;
; MISC_FILE                                         ; altpll_reconfig_TOP/the_pll_inst.v   ; --                             ; --          ; --         ;
; MISC_FILE                                         ; altpll_reconfig_TOP/the_pll_bb.v     ; --                             ; --          ; --         ;
; MISC_FILE                                         ; altpll_reconfig_TOP/the_pll.inc      ; --                             ; --          ; --         ;
; MISC_FILE                                         ; altpll_reconfig_TOP/the_pll.cmp      ; --                             ; --          ; --         ;
; MISC_FILE                                         ; altpll_reconfig_TOP/the_pll.ppf      ; --                             ; --          ; --         ;
; MISC_FILE                                         ; altpll_reconfig_TOP/rom_muxer.bsf    ; --                             ; --          ; --         ;
; MISC_FILE                                         ; altpll_reconfig_TOP/rom_muxer_inst.v ; --                             ; --          ; --         ;
; MISC_FILE                                         ; altpll_reconfig_TOP/rom_muxer_bb.v   ; --                             ; --          ; --         ;
; MISC_FILE                                         ; altpll_reconfig_TOP/rom_muxer.inc    ; --                             ; --          ; --         ;
; MISC_FILE                                         ; altpll_reconfig_TOP/rom_muxer.cmp    ; --                             ; --          ; --         ;
; OPTIMIZE_HOLD_TIMING                              ; All Paths                            ; IO Paths and Minimum TPD Paths ; --          ; --         ;
; OPTIMIZE_MULTI_CORNER_TIMING                      ; On                                   ; Off                            ; --          ; --         ;
; OPTIMIZE_POWER_DURING_FITTING                     ; Extra effort                         ; Normal compilation             ; --          ; --         ;
; OPTIMIZE_POWER_DURING_SYNTHESIS                   ; Extra effort                         ; Normal compilation             ; --          ; --         ;
; OPTIMIZE_SSN                                      ; Extra effort                         ; Off                            ; --          ; --         ;
; PARTITION_COLOR                                   ; 16764057                             ; --                             ; Block1      ; Top        ;
; PARTITION_FITTER_PRESERVATION_LEVEL               ; PLACEMENT_AND_ROUTING                ; --                             ; Block1      ; Top        ;
; PARTITION_NETLIST_TYPE                            ; SOURCE                               ; --                             ; Block1      ; Top        ;
; PHYSICAL_SYNTHESIS_ASYNCHRONOUS_SIGNAL_PIPELINING ; On                                   ; Off                            ; --          ; --         ;
; PHYSICAL_SYNTHESIS_COMBO_LOGIC                    ; On                                   ; Off                            ; --          ; --         ;
; PHYSICAL_SYNTHESIS_COMBO_LOGIC_FOR_AREA           ; On                                   ; Off                            ; --          ; --         ;
; PHYSICAL_SYNTHESIS_EFFORT                         ; Extra                                ; Normal                         ; --          ; --         ;
; PHYSICAL_SYNTHESIS_MAP_LOGIC_TO_MEMORY_FOR_AREA   ; On                                   ; Off                            ; --          ; --         ;
; PHYSICAL_SYNTHESIS_REGISTER_DUPLICATION           ; On                                   ; Off                            ; --          ; --         ;
; PHYSICAL_SYNTHESIS_REGISTER_RETIMING              ; On                                   ; Off                            ; --          ; --         ;
; PLACEMENT_EFFORT_MULTIPLIER                       ; 4                                    ; 1.0                            ; --          ; --         ;
; ROUTER_EFFORT_MULTIPLIER                          ; 4                                    ; 1.0                            ; --          ; --         ;
; TCO_REQUIREMENT                                   ; 4 ns                                 ; --                             ; --          ; --         ;
; TH_REQUIREMENT                                    ; 4 ns                                 ; --                             ; --          ; --         ;
; TOP_LEVEL_ENTITY                                  ; Block1                               ; DE0_Default                    ; --          ; --         ;
; TPD_REQUIREMENT                                   ; 4 ns                                 ; --                             ; --          ; --         ;
; TSU_REQUIREMENT                                   ; 4 ns                                 ; --                             ; --          ; --         ;
; USE_TIMEQUEST_TIMING_ANALYZER                     ; Off                                  ; On                             ; --          ; --         ;
+---------------------------------------------------+--------------------------------------+--------------------------------+-------------+------------+


+-----------------------------------------------------------------------------------------------------------------------------+
; Flow Elapsed Time                                                                                                           ;
+-------------------------+--------------+-------------------------+---------------------+------------------------------------+
; Module Name             ; Elapsed Time ; Average Processors Used ; Peak Virtual Memory ; Total CPU Time (on all processors) ;
+-------------------------+--------------+-------------------------+---------------------+------------------------------------+
; Analysis & Synthesis    ; 00:00:16     ; 1.0                     ; 249 MB              ; 00:00:19                           ;
; I/O Assignment Analysis ; 00:00:10     ; 1.0                     ; 224 MB              ; 00:00:07                           ;
; Fitter                  ; 00:06:37     ; 2.3                     ; 379 MB              ; 00:07:56                           ;
; Assembler               ; 00:00:04     ; 1.0                     ; 228 MB              ; 00:00:03                           ;
; Classic Timing Analyzer ; 00:00:03     ; 1.0                     ; 185 MB              ; 00:00:03                           ;
; Total                   ; 00:07:10     ; --                      ; --                  ; 00:08:28                           ;
+-------------------------+--------------+-------------------------+---------------------+------------------------------------+


+------------------------------------------------------------------------------------------+
; Flow OS Summary                                                                          ;
+-------------------------+------------------+---------------+------------+----------------+
; Module Name             ; Machine Hostname ; OS Name       ; OS Version ; Processor type ;
+-------------------------+------------------+---------------+------------+----------------+
; Analysis & Synthesis    ; WenX-PC          ; Windows Vista ; 6.1        ; x86_64         ;
; I/O Assignment Analysis ; WenX-PC          ; Windows Vista ; 6.1        ; x86_64         ;
; Fitter                  ; WenX-PC          ; Windows Vista ; 6.1        ; x86_64         ;
; Assembler               ; WenX-PC          ; Windows Vista ; 6.1        ; x86_64         ;
; Classic Timing Analyzer ; WenX-PC          ; Windows Vista ; 6.1        ; x86_64         ;
+-------------------------+------------------+---------------+------------+----------------+


------------
; Flow Log ;
------------
quartus_map --read_settings_files=on --write_settings_files=off DE0_Default -c DE0_Default
quartus_fit --read_settings_files=off --write_settings_files=off DE0_Default -c DE0_Default --check_ios
quartus_fit --read_settings_files=off --write_settings_files=off DE0_Default -c DE0_Default
quartus_asm --read_settings_files=off --write_settings_files=off DE0_Default -c DE0_Default
quartus_tan --read_settings_files=off --write_settings_files=off DE0_Default -c DE0_Default --timing_analysis_only



